<?xml version="1.0" encoding="UTF-8"?>
<!-- Generated by org.testng.reporters.JUnitXMLReporter -->
<testsuite ignored="0" hostname="LAPTOP-1EHUG3JI" failures="2" tests="2" name="TestTrial1" time="87.063" errors="0" timestamp="2021-09-19T12:51:45 EDT">
  <testcase classname="com.selenium.framework.tests.SearchingFunctionsExtendTesting" name="chooseItemAndTestCatalogSpecsFunctionality" time="62.063">
    <failure type="java.lang.AssertionError" message="expected [true] but found [false]">
      <![CDATA[java.lang.AssertionError: expected [true] but found [false]
at com.selenium.framework.libraries.seleniumLibrary.dynamicWaitForVisibilityOfElement(seleniumLibrary.java:220)
at com.seleniun.framework.pages.SearchingFunctionsExtend.settingItemSpecsFromCatalogGrid(SearchingFunctionsExtend.java:61)
at com.selenium.framework.tests.SearchingFunctionsExtendTesting.chooseItemAndTestCatalogSpecsFunctionality(SearchingFunctionsExtendTesting.java:18)
at java.base/java.util.ArrayList.forEach(ArrayList.java:1511)
... Removed 31 stack frames]]>
    </failure>
  </testcase> <!-- chooseItemAndTestCatalogSpecsFunctionality -->
  <testcase classname="com.selenium.framework.tests.SearchingFunctionsExtendTesting" name="sliderBarAutomating" time="12.307">
    <failure type="java.lang.AssertionError" message="expected [true] but found [false]">
      <![CDATA[java.lang.AssertionError: expected [true] but found [false]
at com.selenium.framework.libraries.seleniumLibrary.moveToElement(seleniumLibrary.java:333)
at com.seleniun.framework.pages.SearchingFunctionsExtend.movingMouseToDynamicListToChooseItem2(SearchingFunctionsExtend.java:75)
at com.selenium.framework.tests.SearchingFunctionsExtendTesting.sliderBarAutomating(SearchingFunctionsExtendTesting.java:24)
at java.base/java.util.ArrayList.forEach(ArrayList.java:1511)
... Removed 31 stack frames]]>
    </failure>
  </testcase> <!-- sliderBarAutomating -->
</testsuite> <!-- TestTrial1 -->
