<?xml version="1.0" encoding="UTF-8"?>
<!-- Generated by org.testng.reporters.JUnitXMLReporter -->
<testsuite ignored="4" hostname="LAPTOP-1EHUG3JI" failures="2" tests="16" name="Test" time="378.954" errors="0" timestamp="2021-09-18T03:04:02 EDT">
  <testcase classname="com.selenium.framework.libraries.seleniumBase" name="@BeforeMethod setUp" time="3.646">
    <failure type="java.lang.AssertionError" message="expected [true] but found [false]">
      <![CDATA[java.lang.AssertionError: expected [true] but found [false]
at com.selenium.framework.libraries.seleniumBase.setUp(seleniumBase.java:43)
at java.base/java.util.ArrayList.forEach(ArrayList.java:1511)
... Removed 35 stack frames]]>
    </failure>
  </testcase> <!-- @BeforeMethod setUp -->
  <testcase classname="com.selenium.framework.libraries.seleniumBase" name="@AfterMethod tearDown" time="-1.631948574382E9">
    <skipped/>
  </testcase> <!-- @AfterMethod tearDown -->
  <testcase classname="com.selenium.framework.libraries.seleniumBase" name="@AfterClass cleanUpAfterAllTestMethods" time="-1.631948574385E9">
    <skipped/>
  </testcase> <!-- @AfterClass cleanUpAfterAllTestMethods -->
  <testcase classname="com.selenium.framework.libraries.seleniumBase" name="@BeforeMethod setUp" time="2.701">
    <failure type="java.lang.AssertionError" message="expected [true] but found [false]">
      <![CDATA[java.lang.AssertionError: expected [true] but found [false]
at com.selenium.framework.libraries.seleniumBase.setUp(seleniumBase.java:43)
at java.base/java.util.ArrayList.forEach(ArrayList.java:1511)
... Removed 35 stack frames]]>
    </failure>
  </testcase> <!-- @BeforeMethod setUp -->
  <testcase classname="com.selenium.framework.libraries.seleniumBase" name="@AfterMethod tearDown" time="-1.6319486367E9">
    <skipped/>
  </testcase> <!-- @AfterMethod tearDown -->
  <testcase classname="com.selenium.framework.libraries.seleniumBase" name="@AfterClass cleanUpAfterAllTestMethods" time="-1.631948636702E9">
    <skipped/>
  </testcase> <!-- @AfterClass cleanUpAfterAllTestMethods -->
  <testcase classname="com.selenium.framework.libraries.seleniumBase" name="@BeforeMethod setUp" time="5.652">
    <failure type="java.lang.AssertionError" message="expected [true] but found [false]">
      <![CDATA[java.lang.AssertionError: expected [true] but found [false]
at com.selenium.framework.libraries.seleniumBase.setUp(seleniumBase.java:43)
at java.base/java.util.ArrayList.forEach(ArrayList.java:1511)
... Removed 35 stack frames]]>
    </failure>
  </testcase> <!-- @BeforeMethod setUp -->
  <testcase classname="com.selenium.framework.libraries.seleniumBase" name="@AfterMethod tearDown" time="-1.631948642365E9">
    <skipped/>
  </testcase> <!-- @AfterMethod tearDown -->
  <testcase classname="com.selenium.framework.libraries.seleniumBase" name="@AfterClass cleanUpAfterAllTestMethods" time="-1.631948642366E9">
    <skipped/>
  </testcase> <!-- @AfterClass cleanUpAfterAllTestMethods -->
  <testcase classname="com.selenium.framework.tests.sAddToCartTesting" name="addItemsToCartTest" time="52.178">
    <failure type="java.lang.AssertionError" message="expected [true] but found [false]">
      <![CDATA[java.lang.AssertionError: expected [true] but found [false]
at com.selenium.framework.libraries.seleniumLibrary.dynamicWaitForElementToBeClickable(seleniumLibrary.java:232)
at com.seleniun.framework.pages.sAddToCartTestCase.selectItemToBeAddedToCart(sAddToCartTestCase.java:26)
at com.selenium.framework.tests.sAddToCartTesting.addItemsToCartTest(sAddToCartTesting.java:20)
at java.base/java.util.ArrayList.forEach(ArrayList.java:1511)
... Removed 31 stack frames]]>
    </failure>
  </testcase> <!-- addItemsToCartTest -->
  <testcase classname="com.selenium.framework.tests.sAddToCartTesting" name="purchaseItemsInCart" time="50.047">
    <failure type="org.openqa.selenium.NoSuchElementException" message="no such element: Unable to locate element: {&amp;quot;method&amp;quot;:&amp;quot;xpath&amp;quot;,&amp;quot;selector&amp;quot;:&amp;quot;//body/div[@id=&amp;apos;page&amp;apos;]/div[2]/div[1]/div[3]/div[1]/p[2]/a[1]/span[1]&amp;quot;}
  (Session info: chrome=93.0.4577.82)
For documentation on this error, please visit: https://www.seleniumhq.org/exceptions/no_such_element.html
Build info: version: &amp;apos;3.141.59&amp;apos;, revision: &amp;apos;e82be7d358&amp;apos;, time: &amp;apos;2018-11-14T08:17:03&amp;apos;
System info: host: &amp;apos;LAPTOP-1EHUG3JI&amp;apos;, ip: &amp;apos;192.168.0.47&amp;apos;, os.name: &amp;apos;Windows 10&amp;apos;, os.arch: &amp;apos;amd64&amp;apos;, os.version: &amp;apos;10.0&amp;apos;, java.version: &amp;apos;15.0.2&amp;apos;
Driver info: org.openqa.selenium.chrome.ChromeDriver
Capabilities {acceptInsecureCerts: false, browserName: chrome, browserVersion: 93.0.4577.82, chrome: {chromedriverVersion: 92.0.4515.107 (87a818b10553..., userDataDir: C:\Users\haith\AppData\Loca...}, goog:chromeOptions: {debuggerAddress: localhost:51783}, javascriptEnabled: true, networkConnectionEnabled: false, pageLoadStrategy: normal, platform: WINDOWS, platformName: WINDOWS, proxy: Proxy(), setWindowRect: true, strictFileInteractability: false, timeouts: {implicit: 0, pageLoad: 300000, script: 30000}, unhandledPromptBehavior: dismiss and notify, webauthn:extension:credBlob: true, webauthn:extension:largeBlob: true, webauthn:virtualAuthenticators: true}
Session ID: ac6501f7a0e47dfd75373933bda686d1
*** Element info: {Using=xpath, value=//body/div[@id=&amp;apos;page&amp;apos;]/div[2]/div[1]/div[3]/div[1]/p[2]/a[1]/span[1]}">
      <![CDATA[org.openqa.selenium.NoSuchElementException: no such element: Unable to locate element: {"method":"xpath","selector":"//body/div[@id='page']/div[2]/div[1]/div[3]/div[1]/p[2]/a[1]/span[1]"}
  (Session info: chrome=93.0.4577.82)
For documentation on this error, please visit: https://www.seleniumhq.org/exceptions/no_such_element.html
Build info: version: '3.141.59', revision: 'e82be7d358', time: '2018-11-14T08:17:03'
System info: host: 'LAPTOP-1EHUG3JI', ip: '192.168.0.47', os.name: 'Windows 10', os.arch: 'amd64', os.version: '10.0', java.version: '15.0.2'
Driver info: org.openqa.selenium.chrome.ChromeDriver
Capabilities {acceptInsecureCerts: false, browserName: chrome, browserVersion: 93.0.4577.82, chrome: {chromedriverVersion: 92.0.4515.107 (87a818b10553..., userDataDir: C:\Users\haith\AppData\Loca...}, goog:chromeOptions: {debuggerAddress: localhost:51783}, javascriptEnabled: true, networkConnectionEnabled: false, pageLoadStrategy: normal, platform: WINDOWS, platformName: WINDOWS, proxy: Proxy(), setWindowRect: true, strictFileInteractability: false, timeouts: {implicit: 0, pageLoad: 300000, script: 30000}, unhandledPromptBehavior: dismiss and notify, webauthn:extension:credBlob: true, webauthn:extension:largeBlob: true, webauthn:virtualAuthenticators: true}
Session ID: ac6501f7a0e47dfd75373933bda686d1
*** Element info: {Using=xpath, value=//body/div[@id='page']/div[2]/div[1]/div[3]/div[1]/p[2]/a[1]/span[1]}
at org.openqa.selenium.remote.http.W3CHttpResponseCodec.createException(W3CHttpResponseCodec.java:187)
at org.openqa.selenium.remote.http.W3CHttpResponseCodec.decode(W3CHttpResponseCodec.java:122)
at org.openqa.selenium.remote.http.W3CHttpResponseCodec.decode(W3CHttpResponseCodec.java:49)
at org.openqa.selenium.remote.HttpCommandExecutor.execute(HttpCommandExecutor.java:158)
at org.openqa.selenium.remote.service.DriverCommandExecutor.execute(DriverCommandExecutor.java:83)
at org.openqa.selenium.remote.RemoteWebDriver.execute(RemoteWebDriver.java:552)
at org.openqa.selenium.remote.RemoteWebDriver.findElement(RemoteWebDriver.java:323)
at org.openqa.selenium.remote.RemoteWebDriver.findElementByXPath(RemoteWebDriver.java:428)
at org.openqa.selenium.By$ByXPath.findElement(By.java:353)
at org.openqa.selenium.remote.RemoteWebDriver.findElement(RemoteWebDriver.java:315)
at com.seleniun.framework.pages.sAddToCartTestCase.clickProceedToCheckOutSummaryPage(sAddToCartTestCase.java:83)
at com.selenium.framework.tests.sAddToCartTesting.purchaseItemsInCart(sAddToCartTesting.java:32)
at java.base/java.util.ArrayList.forEach(ArrayList.java:1511)
... Removed 32 stack frames]]>
    </failure>
  </testcase> <!-- purchaseItemsInCart -->
  <testcase classname="com.selenium.framework.tests.UserLinkTesting" name="notEmptyUserLinksTesting" time="3.104"/>
  <testcase classname="com.selenium.framework.tests.UserLinkTesting" name="emptyUserLinksTesting" time="3.051"/>
  <testcase classname="com.selenium.framework.tests.UsersDataValidationtesting" name="testing" time="20.648"/>
  <testcase classname="com.selenium.framework.tests.UsersDataValidationtesting" name="testingReOrderFunctionality" time="31.038"/>
  <testcase classname="com.selenium.framework.tests.UsersDataValidationtesting" name="testingReOrderFunctionality22222" time="14.576"/>
  <testcase classname="com.selenium.framework.tests.CreatNewAccTesting" name="test" time="21.841"/>
  <testcase classname="com.selenium.framework.tests.SignInPageTesting" name="testCreatingAccountUsingSameEmail" time="10.837"/>
  <testcase classname="com.selenium.framework.tests.SignInPageTesting" name="testSignInRightCredentials" time="12.175"/>
  <testcase classname="com.selenium.framework.tests.SignInPageTesting" name="testSignInWrongCredentials" time="8.738"/>
  <testcase classname="com.selenium.framework.tests.SignInPageTesting" name="testSignInWrongCredentialsWithNoDomain" time="0.0">
    <skipped/>
  </testcase> <!-- testSignInWrongCredentialsWithNoDomain -->
  <testcase classname="com.selenium.framework.tests.WishListTesting" name="Testing" time="39.191"/>
  <testcase classname="com.selenium.framework.tests.searchingFunctionsTesting" name="checkingSiteMsgAfterSearchingNotExistItem" time="2.594"/>
  <testcase classname="com.selenium.framework.tests.ContactCCareTesting" name="contactCustomerCareTesting" time="0.0">
    <skipped/>
  </testcase> <!-- contactCustomerCareTesting -->
  <testcase classname="com.selenium.framework.tests.SearchingFunctionsExtendTesting" name="sliderBarAutomating" time="0.0">
    <skipped/>
  </testcase> <!-- sliderBarAutomating -->
  <testcase classname="com.selenium.framework.tests.searchingFunctionsTesting" name="searchingSpecialCharactersAndNumbersTest" time="0.0">
    <ignored/>
  </testcase> <!-- searchingSpecialCharactersAndNumbersTest -->
  <testcase classname="com.selenium.framework.tests.SearchingFunctionsExtendTesting" name="chooseItemAndTestCatalogSpecsFunctionality" time="0.0">
    <ignored/>
  </testcase> <!-- chooseItemAndTestCatalogSpecsFunctionality -->
  <testcase classname="com.selenium.framework.tests.searchingFunctionsTesting" name="UsingHighestLowestFilterTest" time="0.0">
    <ignored/>
  </testcase> <!-- UsingHighestLowestFilterTest -->
  <testcase classname="com.selenium.framework.tests.searchingFunctionsTesting" name="confirmSearchResultMatchingToSearchInput" time="0.0">
    <ignored/>
  </testcase> <!-- confirmSearchResultMatchingToSearchInput -->
</testsuite> <!-- Test -->
